TN:
SF:js_test/app.js
FNF:0
FNH:0
DA:1,1
DA:2,1
DA:3,1
DA:4,1
DA:5,1
DA:6,1
DA:7,1
DA:8,1
DA:9,1
DA:10,1
DA:11,1
LF:11
LH:11
BRDA:6,0,0,1
BRDA:7,1,0,1
BRDA:8,2,0,0
BRF:3
BRH:2
end_of_record
TN:
SF:js_test/fetch.js
FN:5,parseJSON
FN:12,fetchCurrentUser
FNF:2
FNH:0
FNDA:0,parseJSON
FNDA:0,fetchCurrentUser
DA:1,1
DA:2,1
DA:3,1
DA:4,1
DA:5,0
DA:6,0
DA:7,0
DA:8,0
DA:9,0
DA:10,0
DA:11,1
DA:12,0
DA:13,0
DA:14,0
DA:15,0
DA:16,0
DA:17,0
DA:18,0
DA:19,1
DA:20,1
LF:20
LH:7
BRF:0
BRH:0
end_of_record
TN:
SF:js_test/reservation.js
FN:3,openReservation
FN:11,showDetails
FN:15,showPrompt
FN:19,showLogin
FN:24,redirectToRegister
FNF:5
FNH:5
FNDA:4,openReservation
FNDA:1,showDetails
FNDA:3,showPrompt
FNDA:1,showLogin
FNDA:1,redirectToRegister
DA:1,1
DA:2,1
DA:3,4
DA:4,4
DA:5,1
DA:6,4
DA:7,3
DA:8,3
DA:9,4
DA:10,1
DA:11,1
DA:12,1
DA:13,1
DA:14,1
DA:15,3
DA:16,3
DA:17,3
DA:18,1
DA:19,1
DA:20,1
DA:21,1
DA:22,1
DA:23,1
DA:24,1
DA:25,1
DA:26,1
DA:27,1
DA:28,1
DA:29,1
DA:30,1
DA:31,1
DA:32,1
DA:33,1
DA:34,1
DA:35,1
LF:35
LH:35
BRDA:3,0,0,4
BRDA:4,1,0,1
BRDA:6,2,0,3
BRDA:11,3,0,1
BRDA:15,4,0,3
BRDA:19,5,0,1
BRDA:24,6,0,1
BRF:7
BRH:7
end_of_record
TN:
SF:js_test/sum.js
FN:1,sum
FNF:1
FNH:1
FNDA:2,sum
DA:1,2
DA:2,2
DA:3,2
DA:4,1
DA:5,1
LF:5
LH:5
BRDA:1,0,0,2
BRF:1
BRH:1
end_of_record
TN:
SF:js_test/user.js
FN:2,isLoggedIn
FNF:1
FNH:0
FNDA:0,isLoggedIn
DA:1,1
DA:2,1
DA:3,1
DA:4,1
DA:5,1
DA:6,1
LF:6
LH:6
BRF:0
BRH:0
end_of_record
